
**** Build of configuration Debug for project SHEMP - 2.2 DNS ****

"C:\\ti\\ccsv5\\utils\\bin\\gmake" -k all 
'Building file: ../audio_sensor.c'
'Invoking: MSP430 Compiler'
"C:/ti/ccsv5/tools/compiler/msp430_4.2.1/bin/cl430" -vmspx --abi=coffabi -g --include_path="C:/ti/ccsv5/ccs_base/msp430/include" --include_path="C:/ti/ccsv5/tools/compiler/msp430_4.2.1/include" --define=__MSP430F5438A__ --diag_warning=225 --display_error_number --silicon_errata=CPU15 --silicon_errata=CPU18 --silicon_errata=CPU21 --silicon_errata=CPU22 --silicon_errata=CPU23 --silicon_errata=CPU40 --printf_support=minimal --preproc_with_compile --preproc_dependency="audio_sensor.pp"  "../audio_sensor.c"
"..\leds.h", line 34: warning #230-D: trailing comma is nonstandard
"../audio_sensor.c", line 158: warning #169-D: argument of type "uint8_t (*)()" is incompatible with parameter of type "uint8_t (*)(node *)"
'Finished building: ../audio_sensor.c'
' '
'Building file: ../auxlib.c'
'Invoking: MSP430 Compiler'
"C:/ti/ccsv5/tools/compiler/msp430_4.2.1/bin/cl430" -vmspx --abi=coffabi -g --include_path="C:/ti/ccsv5/ccs_base/msp430/include" --include_path="C:/ti/ccsv5/tools/compiler/msp430_4.2.1/include" --define=__MSP430F5438A__ --diag_warning=225 --display_error_number --silicon_errata=CPU15 --silicon_errata=CPU18 --silicon_errata=CPU21 --silicon_errata=CPU22 --silicon_errata=CPU23 --silicon_errata=CPU40 --printf_support=minimal --preproc_with_compile --preproc_dependency="auxlib.pp"  "../auxlib.c"
"../auxlib.c", line 130: warning #225-D: function "strlen" declared implicitly
'Finished building: ../auxlib.c'
' '
'Building file: ../events.c'
'Invoking: MSP430 Compiler'
"C:/ti/ccsv5/tools/compiler/msp430_4.2.1/bin/cl430" -vmspx --abi=coffabi -g --include_path="C:/ti/ccsv5/ccs_base/msp430/include" --include_path="C:/ti/ccsv5/tools/compiler/msp430_4.2.1/include" --define=__MSP430F5438A__ --diag_warning=225 --display_error_number --silicon_errata=CPU15 --silicon_errata=CPU18 --silicon_errata=CPU21 --silicon_errata=CPU22 --silicon_errata=CPU23 --silicon_errata=CPU40 --printf_support=minimal --preproc_with_compile --preproc_dependency="events.pp"  "../events.c"
'Finished building: ../events.c'
' '
'Building file: ../hal_pmm.c'
'Invoking: MSP430 Compiler'
"C:/ti/ccsv5/tools/compiler/msp430_4.2.1/bin/cl430" -vmspx --abi=coffabi -g --include_path="C:/ti/ccsv5/ccs_base/msp430/include" --include_path="C:/ti/ccsv5/tools/compiler/msp430_4.2.1/include" --define=__MSP430F5438A__ --diag_warning=225 --display_error_number --silicon_errata=CPU15 --silicon_errata=CPU18 --silicon_errata=CPU21 --silicon_errata=CPU22 --silicon_errata=CPU23 --silicon_errata=CPU40 --printf_support=minimal --preproc_with_compile --preproc_dependency="hal_pmm.pp"  "../hal_pmm.c"
'Finished building: ../hal_pmm.c'
' '
'Building file: ../html.c'
'Invoking: MSP430 Compiler'
"C:/ti/ccsv5/tools/compiler/msp430_4.2.1/bin/cl430" -vmspx --abi=coffabi -g --include_path="C:/ti/ccsv5/ccs_base/msp430/include" --include_path="C:/ti/ccsv5/tools/compiler/msp430_4.2.1/include" --define=__MSP430F5438A__ --diag_warning=225 --display_error_number --silicon_errata=CPU15 --silicon_errata=CPU18 --silicon_errata=CPU21 --silicon_errata=CPU22 --silicon_errata=CPU23 --silicon_errata=CPU40 --printf_support=minimal --preproc_with_compile --preproc_dependency="html.pp"  "../html.c"
"..\leds.h", line 34: warning #230-D: trailing comma is nonstandard
"../html.c", line 131: warning #169-D: argument of type "uint8_t *" is incompatible with parameter of type "const char *"
"../html.c", line 152: warning #169-D: argument of type "uint8_t *" is incompatible with parameter of type "const char *"
"../html.c", line 156: warning #169-D: argument of type "uint8_t *" is incompatible with parameter of type "const char *"
"../html.c", line 156: warning #169-D: argument of type "uint8_t *" is incompatible with parameter of type "const char *"
"../html.c", line 173: warning #169-D: argument of type "char *" is incompatible with parameter of type "uint8_t *"
"../html.c", line 175: warning #169-D: argument of type "uint8_t *" is incompatible with parameter of type "const char *"
"../html.c", line 180: warning #169-D: argument of type "char *" is incompatible with parameter of type "uint8_t *"
"../html.c", line 182: warning #169-D: argument of type "uint8_t *" is incompatible with parameter of type "const char *"
"../html.c", line 187: warning #169-D: argument of type "char *" is incompatible with parameter of type "uint8_t *"
"../html.c", line 191: warning #169-D: argument of type "uint8_t *" is incompatible with parameter of type "const char *"
"../html.c", line 193: warning #169-D: argument of type "uint8_t *" is incompatible with parameter of type "const char *"
"../html.c", line 201: warning #169-D: argument of type "char *" is incompatible with parameter of type "uint8_t *"
"../html.c", line 202: warning #225-D: function "reset_setup_info" declared implicitly
"../html.c", line 227: warning #169-D: argument of type "uint8_t *" is incompatible with parameter of type "const char *"
"../html.c", line 235: warning #169-D: argument of type "uint8_t *" is incompatible with parameter of type "const char *"
"../html.c", line 247: warning #169-D: argument of type "uint8_t *" is incompatible with parameter of type "const char *"
"../html.c", line 258: warning #169-D: argument of type "uint8_t *" is incompatible with parameter of type "const char *"
"../html.c", line 260: warning #169-D: argument of type "uint8_t *" is incompatible with parameter of type "const char *"
'Finished building: ../html.c'
' '
'Building file: ../leds.c'
'Invoking: MSP430 Compiler'
"C:/ti/ccsv5/tools/compiler/msp430_4.2.1/bin/cl430" -vmspx --abi=coffabi -g --include_path="C:/ti/ccsv5/ccs_base/msp430/include" --include_path="C:/ti/ccsv5/tools/compiler/msp430_4.2.1/include" --define=__MSP430F5438A__ --diag_warning=225 --display_error_number --silicon_errata=CPU15 --silicon_errata=CPU18 --silicon_errata=CPU21 --silicon_errata=CPU22 --silicon_errata=CPU23 --silicon_errata=CPU40 --printf_support=minimal --preproc_with_compile --preproc_dependency="leds.pp"  "../leds.c"
"..\leds.h", line 34: warning #230-D: trailing comma is nonstandard
'Finished building: ../leds.c'
' '
'Building file: ../light_sensor.c'
'Invoking: MSP430 Compiler'
"C:/ti/ccsv5/tools/compiler/msp430_4.2.1/bin/cl430" -vmspx --abi=coffabi -g --include_path="C:/ti/ccsv5/ccs_base/msp430/include" --include_path="C:/ti/ccsv5/tools/compiler/msp430_4.2.1/include" --define=__MSP430F5438A__ --diag_warning=225 --display_error_number --silicon_errata=CPU15 --silicon_errata=CPU18 --silicon_errata=CPU21 --silicon_errata=CPU22 --silicon_errata=CPU23 --silicon_errata=CPU40 --printf_support=minimal --preproc_with_compile --preproc_dependency="light_sensor.pp"  "../light_sensor.c"
"..\leds.h", line 34: warning #230-D: trailing comma is nonstandard
'Finished building: ../light_sensor.c'
' '
'Building file: ../linked_list.c'
'Invoking: MSP430 Compiler'
"C:/ti/ccsv5/tools/compiler/msp430_4.2.1/bin/cl430" -vmspx --abi=coffabi -g --include_path="C:/ti/ccsv5/ccs_base/msp430/include" --include_path="C:/ti/ccsv5/tools/compiler/msp430_4.2.1/include" --define=__MSP430F5438A__ --diag_warning=225 --display_error_number --silicon_errata=CPU15 --silicon_errata=CPU18 --silicon_errata=CPU21 --silicon_errata=CPU22 --silicon_errata=CPU23 --silicon_errata=CPU40 --printf_support=minimal --preproc_with_compile --preproc_dependency="linked_list.pp"  "../linked_list.c"
'Finished building: ../linked_list.c'
' '
'Building file: ../main.c'
'Invoking: MSP430 Compiler'
"C:/ti/ccsv5/tools/compiler/msp430_4.2.1/bin/cl430" -vmspx --abi=coffabi -g --include_path="C:/ti/ccsv5/ccs_base/msp430/include" --include_path="C:/ti/ccsv5/tools/compiler/msp430_4.2.1/include" --define=__MSP430F5438A__ --diag_warning=225 --display_error_number --silicon_errata=CPU15 --silicon_errata=CPU18 --silicon_errata=CPU21 --silicon_errata=CPU22 --silicon_errata=CPU23 --silicon_errata=CPU40 --printf_support=minimal --preproc_with_compile --preproc_dependency="main.pp"  "../main.c"
"..\leds.h", line 34: warning #230-D: trailing comma is nonstandard
'Finished building: ../main.c'
' '
'Building file: ../roving.c'
'Invoking: MSP430 Compiler'
"C:/ti/ccsv5/tools/compiler/msp430_4.2.1/bin/cl430" -vmspx --abi=coffabi -g --include_path="C:/ti/ccsv5/ccs_base/msp430/include" --include_path="C:/ti/ccsv5/tools/compiler/msp430_4.2.1/include" --define=__MSP430F5438A__ --diag_warning=225 --display_error_number --silicon_errata=CPU15 --silicon_errata=CPU18 --silicon_errata=CPU21 --silicon_errata=CPU22 --silicon_errata=CPU23 --silicon_errata=CPU40 --printf_support=minimal --preproc_with_compile --preproc_dependency="roving.pp"  "../roving.c"
"..\leds.h", line 34: warning #230-D: trailing comma is nonstandard
"../roving.c", line 133: warning #169-D: argument of type "char *" is incompatible with parameter of type "uint8_t *"
"../roving.c", line 135: warning #169-D: argument of type "char *" is incompatible with parameter of type "uint8_t *"
"../roving.c", line 147: warning #169-D: argument of type "char *" is incompatible with parameter of type "uint8_t *"
"../roving.c", line 215: warning #169-D: argument of type "char *" is incompatible with parameter of type "uint8_t *"
"../roving.c", line 224: warning #238-D: controlling expression is constant
"../roving.c", line 225: warning #169-D: argument of type "char *" is incompatible with parameter of type "uint8_t *"
"../roving.c", line 234: warning #169-D: argument of type "char *" is incompatible with parameter of type "uint8_t *"
"../roving.c", line 325: warning #169-D: argument of type "char *" is incompatible with parameter of type "uint8_t *"
"../roving.c", line 327: warning #169-D: argument of type "char *" is incompatible with parameter of type "uint8_t *"
"../roving.c", line 337: warning #169-D: argument of type "char *" is incompatible with parameter of type "uint8_t *"
"../roving.c", line 355: warning #169-D: argument of type "char *" is incompatible with parameter of type "uint8_t *"
"../roving.c", line 384: warning #169-D: argument of type "char *" is incompatible with parameter of type "uint8_t *"
"../roving.c", line 399: warning #169-D: argument of type "char *" is incompatible with parameter of type "uint8_t *"
"../roving.c", line 418: warning #169-D: argument of type "char *" is incompatible with parameter of type "uint8_t *"
"../roving.c", line 431: warning #169-D: argument of type "char *" is incompatible with parameter of type "uint8_t *"
"../roving.c", line 450: warning #169-D: argument of type "uint8_t *" is incompatible with parameter of type "const char *"
"../roving.c", line 456: warning #169-D: argument of type "void (*)(void *)" is incompatible with parameter of type "uint8_t (*)(void **)"
"../roving.c", line 473: warning #169-D: argument of type "char *" is incompatible with parameter of type "uint8_t *"
"../roving.c", line 483: warning #169-D: argument of type "char *" is incompatible with parameter of type "uint8_t *"
"../roving.c", line 486: warning #169-D: argument of type "char *" is incompatible with parameter of type "uint8_t *"
"../roving.c", line 488: warning #169-D: argument of type "char *" is incompatible with parameter of type "uint8_t *"
"../roving.c", line 491: warning #169-D: argument of type "char *" is incompatible with parameter of type "uint8_t *"
"../roving.c", line 493: warning #169-D: argument of type "char *" is incompatible with parameter of type "uint8_t *"
"../roving.c", line 496: warning #169-D: argument of type "char *" is incompatible with parameter of type "uint8_t *"
"../roving.c", line 498: warning #169-D: argument of type "char *" is incompatible with parameter of type "uint8_t *"
"../roving.c", line 501: warning #169-D: argument of type "char *" is incompatible with parameter of type "uint8_t *"
"../roving.c", line 503: warning #169-D: argument of type "char *" is incompatible with parameter of type "uint8_t *"
"../roving.c", line 508: warning #169-D: argument of type "char *" is incompatible with parameter of type "uint8_t *"
"../roving.c", line 509: warning #169-D: argument of type "char *" is incompatible with parameter of type "uint8_t *"
"../roving.c", line 536: warning #169-D: argument of type "char *" is incompatible with parameter of type "uint8_t *"
"../roving.c", line 549: warning #169-D: argument of type "uint8_t *" is incompatible with parameter of type "const char *"
"../roving.c", line 550: warning #169-D: argument of type "char *" is incompatible with parameter of type "uint8_t *"
"../roving.c", line 553: warning #169-D: argument of type "uint8_t *" is incompatible with parameter of type "const char *"
"../roving.c", line 554: warning #169-D: argument of type "char *" is incompatible with parameter of type "uint8_t *"
"../roving.c", line 557: warning #169-D: argument of type "uint8_t *" is incompatible with parameter of type "const char *"
"../roving.c", line 558: warning #169-D: argument of type "char *" is incompatible with parameter of type "uint8_t *"
"../roving.c", line 561: warning #169-D: argument of type "uint8_t *" is incompatible with parameter of type "const char *"
"../roving.c", line 562: warning #169-D: argument of type "char *" is incompatible with parameter of type "uint8_t *"
"../roving.c", line 563: warning #169-D: argument of type "char *" is incompatible with parameter of type "uint8_t *"
"../roving.c", line 566: warning #169-D: argument of type "char *" is incompatible with parameter of type "uint8_t *"
"../roving.c", line 568: warning #169-D: argument of type "char *" is incompatible with parameter of type "uint8_t *"
"../roving.c", line 653: warning #169-D: argument of type "char *" is incompatible with parameter of type "uint8_t *"
"../roving.c", line 669: warning #169-D: argument of type "char *" is incompatible with parameter of type "uint8_t *"
"../roving.c", line 695: warning #994-D: missing return statement at end of non-void function "is_prompt"
"../roving.c", line 713: warning #169-D: argument of type "uint8_t *" is incompatible with parameter of type "const char *"
"../roving.c", line 719: warning #169-D: argument of type "uint8_t *" is incompatible with parameter of type "const char *"
"../roving.c", line 728: warning #169-D: argument of type "uint8_t *" is incompatible with parameter of type "const char *"
"../roving.c", line 728: warning #515-D: a value of type "char *" cannot be assigned to an entity of type "uint8_t *"
"../roving.c", line 732: warning #169-D: argument of type "uint8_t *" is incompatible with parameter of type "const char *"
"../roving.c", line 733: warning #169-D: argument of type "uint8_t *" is incompatible with parameter of type "const char *"
"../roving.c", line 733: warning #515-D: a value of type "char *" cannot be assigned to an entity of type "uint8_t *"
"../roving.c", line 737: warning #551-D: variable "str_length" is used before its value is set
"../roving.c", line 740: warning #169-D: argument of type "uint8_t *" is incompatible with parameter of type "const char *"
"../roving.c", line 741: warning #169-D: argument of type "uint8_t *" is incompatible with parameter of type "const char *"
"../roving.c", line 741: warning #515-D: a value of type "char *" cannot be assigned to an entity of type "uint8_t *"
"../roving.c", line 748: warning #169-D: argument of type "uint8_t *" is incompatible with parameter of type "const char *"
"../roving.c", line 754: warning #169-D: argument of type "uint8_t *" is incompatible with parameter of type "const char *"
"../roving.c", line 764: warning #169-D: argument of type "uint8_t *" is incompatible with parameter of type "const char *"
"../roving.c", line 779: warning #169-D: argument of type "uint8_t *" is incompatible with parameter of type "const char *"
"../roving.c", line 781: warning #169-D: argument of type "uint8_t *" is incompatible with parameter of type "const char *"
"../roving.c", line 785: warning #169-D: argument of type "uint8_t *" is incompatible with parameter of type "const char *"
"../roving.c", line 789: warning #169-D: argument of type "uint8_t *" is incompatible with parameter of type "const char *"
"../roving.c", line 799: warning #169-D: argument of type "uint8_t *" is incompatible with parameter of type "const char *"
"../roving.c", line 806: warning #169-D: argument of type "uint8_t *" is incompatible with parameter of type "const char *"
"../roving.c", line 812: warning #169-D: argument of type "uint8_t *" is incompatible with parameter of type "const char *"
"../roving.c", line 817: warning #169-D: argument of type "uint8_t *" is incompatible with parameter of type "const char *"
"../roving.c", line 831: warning #169-D: argument of type "char *" is incompatible with parameter of type "uint8_t *"
"../roving.c", line 838: warning #169-D: argument of type "uint8_t *" is incompatible with parameter of type "const char *"
"../roving.c", line 843: warning #169-D: argument of type "uint8_t *" is incompatible with parameter of type "const char *"
"../roving.c", line 847: warning #169-D: argument of type "uint8_t *" is incompatible with parameter of type "const char *"
"../roving.c", line 853: warning #169-D: argument of type "uint8_t *" is incompatible with parameter of type "const char *"
"../roving.c", line 853: warning #515-D: a value of type "char *" cannot be assigned to an entity of type "uint8_t *"
"../roving.c", line 859: warning #169-D: argument of type "uint8_t *" is incompatible with parameter of type "const char *"
"../roving.c", line 863: warning #169-D: argument of type "uint8_t *" is incompatible with parameter of type "const char *"
"../roving.c", line 867: warning #169-D: argument of type "uint8_t *" is incompatible with parameter of type "const char *"
"../roving.c", line 871: warning #169-D: argument of type "uint8_t *" is incompatible with parameter of type "const char *"
"../roving.c", line 875: warning #169-D: argument of type "uint8_t *" is incompatible with parameter of type "const char *"
"../roving.c", line 887: warning #169-D: argument of type "char *" is incompatible with parameter of type "uint8_t *"
"../roving.c", line 894: warning #169-D: argument of type "uint8_t *" is incompatible with parameter of type "const char *"
'Finished building: ../roving.c'
' '
'Building file: ../sensors.c'
'Invoking: MSP430 Compiler'
"C:/ti/ccsv5/tools/compiler/msp430_4.2.1/bin/cl430" -vmspx --abi=coffabi -g --include_path="C:/ti/ccsv5/ccs_base/msp430/include" --include_path="C:/ti/ccsv5/tools/compiler/msp430_4.2.1/include" --define=__MSP430F5438A__ --diag_warning=225 --display_error_number --silicon_errata=CPU15 --silicon_errata=CPU18 --silicon_errata=CPU21 --silicon_errata=CPU22 --silicon_errata=CPU23 --silicon_errata=CPU40 --printf_support=minimal --preproc_with_compile --preproc_dependency="sensors.pp"  "../sensors.c"
'Finished building: ../sensors.c'
' '
'Building file: ../shempserver.c'
'Invoking: MSP430 Compiler'
"C:/ti/ccsv5/tools/compiler/msp430_4.2.1/bin/cl430" -vmspx --abi=coffabi -g --include_path="C:/ti/ccsv5/ccs_base/msp430/include" --include_path="C:/ti/ccsv5/tools/compiler/msp430_4.2.1/include" --define=__MSP430F5438A__ --diag_warning=225 --display_error_number --silicon_errata=CPU15 --silicon_errata=CPU18 --silicon_errata=CPU21 --silicon_errata=CPU22 --silicon_errata=CPU23 --silicon_errata=CPU40 --printf_support=minimal --preproc_with_compile --preproc_dependency="shempserver.pp"  "../shempserver.c"
"..\leds.h", line 34: warning #230-D: trailing comma is nonstandard
'Finished building: ../shempserver.c'
' '
'Building file: ../temperature_sensor.c'
'Invoking: MSP430 Compiler'
"C:/ti/ccsv5/tools/compiler/msp430_4.2.1/bin/cl430" -vmspx --abi=coffabi -g --include_path="C:/ti/ccsv5/ccs_base/msp430/include" --include_path="C:/ti/ccsv5/tools/compiler/msp430_4.2.1/include" --define=__MSP430F5438A__ --diag_warning=225 --display_error_number --silicon_errata=CPU15 --silicon_errata=CPU18 --silicon_errata=CPU21 --silicon_errata=CPU22 --silicon_errata=CPU23 --silicon_errata=CPU40 --printf_support=minimal --preproc_with_compile --preproc_dependency="temperature_sensor.pp"  "../temperature_sensor.c"
"..\leds.h", line 34: warning #230-D: trailing comma is nonstandard
'Finished building: ../temperature_sensor.c'
' '
'Building file: ../time.c'
'Invoking: MSP430 Compiler'
"C:/ti/ccsv5/tools/compiler/msp430_4.2.1/bin/cl430" -vmspx --abi=coffabi -g --include_path="C:/ti/ccsv5/ccs_base/msp430/include" --include_path="C:/ti/ccsv5/tools/compiler/msp430_4.2.1/include" --define=__MSP430F5438A__ --diag_warning=225 --display_error_number --silicon_errata=CPU15 --silicon_errata=CPU18 --silicon_errata=CPU21 --silicon_errata=CPU22 --silicon_errata=CPU23 --silicon_errata=CPU40 --printf_support=minimal --preproc_with_compile --preproc_dependency="time.pp"  "../time.c"
"../time.c", line 336: warning #169-D: argument of type "uint8_t (*)(struct timestamp **)" is incompatible with parameter of type "uint8_t (*)(void **)"
"../time.c", line 340: warning #169-D: argument of type "uint8_t (*)(struct timestamp **)" is incompatible with parameter of type "uint8_t (*)(void **)"
'Finished building: ../time.c'
' '
'Building file: ../uart.c'
'Invoking: MSP430 Compiler'
"C:/ti/ccsv5/tools/compiler/msp430_4.2.1/bin/cl430" -vmspx --abi=coffabi -g --include_path="C:/ti/ccsv5/ccs_base/msp430/include" --include_path="C:/ti/ccsv5/tools/compiler/msp430_4.2.1/include" --define=__MSP430F5438A__ --diag_warning=225 --display_error_number --silicon_errata=CPU15 --silicon_errata=CPU18 --silicon_errata=CPU21 --silicon_errata=CPU22 --silicon_errata=CPU23 --silicon_errata=CPU40 --printf_support=minimal --preproc_with_compile --preproc_dependency="uart.pp"  "../uart.c"
"../uart.c", line 35: warning #169-D: argument of type "uint8_t *" is incompatible with parameter of type "const char *"
'Finished building: ../uart.c'
' '
'Building file: ../wattage_sensor.c'
'Invoking: MSP430 Compiler'
"C:/ti/ccsv5/tools/compiler/msp430_4.2.1/bin/cl430" -vmspx --abi=coffabi -g --include_path="C:/ti/ccsv5/ccs_base/msp430/include" --include_path="C:/ti/ccsv5/tools/compiler/msp430_4.2.1/include" --define=__MSP430F5438A__ --diag_warning=225 --display_error_number --silicon_errata=CPU15 --silicon_errata=CPU18 --silicon_errata=CPU21 --silicon_errata=CPU22 --silicon_errata=CPU23 --silicon_errata=CPU40 --printf_support=minimal --preproc_with_compile --preproc_dependency="wattage_sensor.pp"  "../wattage_sensor.c"
"..\leds.h", line 34: warning #230-D: trailing comma is nonstandard
'Finished building: ../wattage_sensor.c'
' '
'Building target: SHEMP - 2.2 DNS.out'
'Invoking: MSP430 Linker'
"C:/ti/ccsv5/tools/compiler/msp430_4.2.1/bin/cl430" -vmspx --abi=coffabi -g --define=__MSP430F5438A__ --diag_warning=225 --display_error_number --silicon_errata=CPU15 --silicon_errata=CPU18 --silicon_errata=CPU21 --silicon_errata=CPU22 --silicon_errata=CPU23 --silicon_errata=CPU40 --printf_support=minimal -z -m"SHEMP - 2.2 DNS.map" --stack_size=0x300 --heap_size=0x1800 --use_hw_mpy=F5 -i"C:/ti/ccsv5/ccs_base/msp430/include" -i"C:/ti/ccsv5/tools/compiler/msp430_4.2.1/lib" -i"C:/ti/ccsv5/tools/compiler/msp430_4.2.1/include" --reread_libs --warn_sections --xml_link_info="SHEMP - 2.2 DNS_linkInfo.xml" --rom_model -o "SHEMP - 2.2 DNS.out"  "./wattage_sensor.obj" "./uart.obj" "./time.obj" "./temperature_sensor.obj" "./shempserver.obj" "./sensors.obj" "./roving.obj" "./main.obj" "./linked_list.obj" "./light_sensor.obj" "./leds.obj" "./html.obj" "./hal_pmm.obj" "./events.obj" "./auxlib.obj" "./audio_sensor.obj" "../lnk_msp430f5438a.cmd" -l"libc.a" 
<Linking>
'Finished building target: SHEMP - 2.2 DNS.out'
' '

**** Build Finished ****
